TN:
SF:.eslintrc.js
FN:1,(empty-report)
FNF:1
FNH:0
FNDA:0,(empty-report)
DA:1,0
DA:2,0
DA:3,0
DA:4,0
DA:5,0
DA:6,0
DA:7,0
DA:8,0
DA:9,0
DA:10,0
DA:11,0
DA:12,0
DA:13,0
DA:14,0
DA:15,0
DA:16,0
DA:17,0
DA:18,0
DA:19,0
DA:20,0
DA:21,0
DA:22,0
DA:23,0
DA:24,0
DA:25,0
DA:26,0
DA:27,0
DA:28,0
DA:29,0
DA:30,0
DA:31,0
DA:32,0
DA:33,0
DA:34,0
DA:35,0
DA:36,0
DA:37,0
DA:38,0
DA:39,0
DA:40,0
DA:41,0
DA:42,0
DA:43,0
DA:44,0
DA:45,0
DA:46,0
DA:47,0
DA:48,0
DA:49,0
DA:50,0
DA:51,0
DA:52,0
DA:53,0
DA:54,0
DA:55,0
DA:56,0
DA:57,0
DA:58,0
DA:59,0
DA:60,0
DA:61,0
DA:62,0
DA:63,0
DA:64,0
LF:64
LH:0
BRDA:1,0,0,0
BRF:1
BRH:0
end_of_record
TN:
SF:index.tsx
FN:17,apiRequest
FN:35,createPreviewUrl
FN:75,cleanupDownloadedFiles
FN:113,PDFPreview
FN:190,DetailModal
FN:411,FloatingChatbot
FN:426,sendChat
FN:450,handleSearchInovasi
FN:476,onClick
FN:486,onClick
FN:494,onClick
FN:498,onChange
FN:516,onChange
FN:526,onChange
FN:554,App
FN:564,handleBeforeUnload
FN:579,fetchInnovationIds
FN:596,fetchInnovationDetails
FN:619,handleUploadSuccess
FN:625,handleLogout
FN:640,onLogin
FN:648,onClose
FN:670,onClose
FNF:23
FNH:10
FNDA:17,apiRequest
FNDA:0,createPreviewUrl
FNDA:9,cleanupDownloadedFiles
FNDA:0,PDFPreview
FNDA:0,DetailModal
FNDA:31,FloatingChatbot
FNDA:0,sendChat
FNDA:0,handleSearchInovasi
FNDA:1,onClick
FNDA:0,onClick
FNDA:1,onClick
FNDA:0,onChange
FNDA:0,onChange
FNDA:0,onChange
FNDA:44,App
FNDA:0,handleBeforeUnload
FNDA:18,fetchInnovationIds
FNDA:26,fetchInnovationDetails
FNDA:1,handleUploadSuccess
FNDA:0,handleLogout
FNDA:9,onLogin
FNDA:0,onClose
FNDA:0,onClose
DA:1,1
DA:2,1
DA:3,1
DA:4,1
DA:5,1
DA:6,1
DA:7,1
DA:8,1
DA:9,1
DA:10,1
DA:11,1
DA:12,1
DA:13,1
DA:14,1
DA:15,1
DA:16,1
DA:17,1
DA:18,17
DA:19,17
DA:20,17
DA:21,0
DA:22,0
DA:23,0
DA:24,17
DA:25,17
DA:26,0
DA:27,0
DA:28,0
DA:29,17
DA:30,1
DA:31,1
DA:32,1
DA:33,1
DA:34,1
DA:35,1
DA:36,0
DA:37,0
DA:38,0
DA:39,0
DA:40,0
DA:41,0
DA:42,0
DA:43,0
DA:44,0
DA:45,0
DA:46,0
DA:47,0
DA:48,0
DA:49,0
DA:50,0
DA:51,0
DA:52,0
DA:53,0
DA:54,0
DA:55,0
DA:56,0
DA:57,0
DA:58,0
DA:59,0
DA:60,0
DA:61,0
DA:62,0
DA:63,0
DA:64,0
DA:65,0
DA:66,0
DA:67,0
DA:68,0
DA:69,0
DA:70,0
DA:71,0
DA:72,0
DA:73,0
DA:74,1
DA:75,1
DA:76,9
DA:77,9
DA:78,9
DA:79,9
DA:80,9
DA:81,0
DA:82,9
DA:83,9
DA:84,9
DA:85,9
DA:86,9
DA:87,9
DA:88,9
DA:89,9
DA:90,1
DA:91,1
DA:92,1
DA:93,1
DA:94,1
DA:95,1
DA:96,1
DA:97,1
DA:98,1
DA:99,1
DA:100,1
DA:101,1
DA:102,1
DA:103,1
DA:104,1
DA:105,1
DA:106,1
DA:107,1
DA:108,1
DA:109,1
DA:110,1
DA:111,1
DA:112,1
DA:113,1
DA:114,0
DA:115,0
DA:116,0
DA:117,0
DA:118,0
DA:119,0
DA:120,0
DA:121,0
DA:122,0
DA:123,0
DA:124,0
DA:125,0
DA:126,0
DA:127,0
DA:128,0
DA:129,0
DA:130,0
DA:131,0
DA:132,0
DA:133,0
DA:134,0
DA:135,0
DA:136,0
DA:137,0
DA:138,0
DA:139,0
DA:140,0
DA:141,0
DA:142,0
DA:143,0
DA:144,0
DA:145,0
DA:146,0
DA:147,0
DA:148,0
DA:149,0
DA:150,0
DA:151,0
DA:152,0
DA:153,0
DA:154,0
DA:155,0
DA:156,0
DA:157,0
DA:158,0
DA:159,0
DA:160,0
DA:161,0
DA:162,0
DA:163,0
DA:164,0
DA:165,0
DA:166,0
DA:167,0
DA:168,0
DA:169,0
DA:170,0
DA:171,0
DA:172,0
DA:173,0
DA:174,0
DA:175,0
DA:176,0
DA:177,0
DA:178,0
DA:179,0
DA:180,0
DA:181,0
DA:182,1
DA:183,1
DA:184,1
DA:185,1
DA:186,1
DA:187,1
DA:188,1
DA:189,1
DA:190,1
DA:191,0
DA:192,0
DA:193,0
DA:194,0
DA:195,0
DA:196,0
DA:197,0
DA:198,0
DA:199,0
DA:200,0
DA:201,0
DA:202,0
DA:203,0
DA:204,0
DA:205,0
DA:206,0
DA:207,0
DA:208,0
DA:209,0
DA:210,0
DA:211,0
DA:212,0
DA:213,0
DA:214,0
DA:215,0
DA:216,0
DA:217,0
DA:218,0
DA:219,0
DA:220,0
DA:221,0
DA:222,0
DA:223,0
DA:224,0
DA:225,0
DA:226,0
DA:227,0
DA:228,0
DA:229,0
DA:230,0
DA:231,0
DA:232,0
DA:233,0
DA:234,0
DA:235,0
DA:236,0
DA:237,0
DA:238,0
DA:239,0
DA:240,0
DA:241,0
DA:242,0
DA:243,0
DA:244,0
DA:245,0
DA:246,0
DA:247,0
DA:248,0
DA:249,0
DA:250,0
DA:251,0
DA:252,0
DA:253,0
DA:254,0
DA:255,0
DA:256,0
DA:257,0
DA:258,0
DA:259,0
DA:260,0
DA:261,0
DA:262,0
DA:263,0
DA:264,0
DA:265,0
DA:266,0
DA:267,0
DA:268,0
DA:269,0
DA:270,0
DA:271,0
DA:272,0
DA:273,0
DA:274,0
DA:275,0
DA:276,0
DA:277,0
DA:278,0
DA:279,0
DA:280,0
DA:281,0
DA:282,0
DA:283,0
DA:284,0
DA:285,0
DA:286,0
DA:287,0
DA:288,0
DA:289,0
DA:290,0
DA:291,0
DA:292,0
DA:293,0
DA:294,0
DA:295,0
DA:296,0
DA:297,0
DA:298,0
DA:299,0
DA:300,0
DA:301,0
DA:302,0
DA:303,0
DA:304,0
DA:305,0
DA:306,0
DA:307,0
DA:308,0
DA:309,0
DA:310,0
DA:311,0
DA:312,0
DA:313,0
DA:314,0
DA:315,0
DA:316,0
DA:317,0
DA:318,0
DA:319,0
DA:320,0
DA:321,0
DA:322,0
DA:323,0
DA:324,0
DA:325,0
DA:326,0
DA:327,0
DA:328,0
DA:329,0
DA:330,0
DA:331,0
DA:332,0
DA:333,0
DA:334,0
DA:335,0
DA:336,0
DA:337,0
DA:338,0
DA:339,0
DA:340,0
DA:341,0
DA:342,0
DA:343,0
DA:344,0
DA:345,0
DA:346,0
DA:347,0
DA:348,0
DA:349,0
DA:350,0
DA:351,0
DA:352,0
DA:353,0
DA:354,0
DA:355,0
DA:356,0
DA:357,0
DA:358,0
DA:359,0
DA:360,0
DA:361,0
DA:362,0
DA:363,0
DA:364,0
DA:365,0
DA:366,0
DA:367,0
DA:368,0
DA:369,0
DA:370,0
DA:371,0
DA:372,0
DA:373,0
DA:374,0
DA:375,0
DA:376,0
DA:377,0
DA:378,0
DA:379,0
DA:380,0
DA:381,0
DA:382,0
DA:383,0
DA:384,0
DA:385,0
DA:386,0
DA:387,0
DA:388,0
DA:389,0
DA:390,0
DA:391,0
DA:392,0
DA:393,0
DA:394,0
DA:395,0
DA:396,0
DA:397,0
DA:398,0
DA:399,0
DA:400,0
DA:401,0
DA:402,0
DA:403,0
DA:404,0
DA:405,0
DA:406,0
DA:407,0
DA:408,0
DA:409,1
DA:410,1
DA:411,1
DA:412,31
DA:413,31
DA:414,31
DA:415,31
DA:416,31
DA:417,31
DA:418,31
DA:419,31
DA:420,31
DA:421,31
DA:422,31
DA:423,31
DA:424,31
DA:425,31
DA:426,31
DA:427,0
DA:428,0
DA:429,0
DA:430,0
DA:431,0
DA:432,0
DA:433,0
DA:434,0
DA:435,0
DA:436,0
DA:437,0
DA:438,0
DA:439,0
DA:440,0
DA:441,0
DA:442,0
DA:443,0
DA:444,0
DA:445,0
DA:446,0
DA:447,0
DA:448,0
DA:449,31
DA:450,31
DA:451,0
DA:452,0
DA:453,0
DA:454,0
DA:455,0
DA:456,0
DA:457,0
DA:458,0
DA:459,0
DA:460,0
DA:461,0
DA:462,0
DA:463,0
DA:464,0
DA:465,0
DA:466,0
DA:467,0
DA:468,0
DA:469,0
DA:470,0
DA:471,0
DA:472,0
DA:473,31
DA:474,31
DA:475,31
DA:476,31
DA:477,31
DA:478,31
DA:479,31
DA:480,31
DA:481,2
DA:482,2
DA:483,2
DA:484,2
DA:485,2
DA:486,2
DA:487,2
DA:488,2
DA:489,2
DA:490,2
DA:491,2
DA:492,2
DA:493,2
DA:494,2
DA:495,2
DA:496,2
DA:497,2
DA:498,2
DA:499,2
DA:500,2
DA:501,2
DA:502,2
DA:503,2
DA:504,2
DA:505,2
DA:506,2
DA:507,0
DA:508,2
DA:509,2
DA:510,2
DA:511,2
DA:512,2
DA:513,2
DA:514,2
DA:515,2
DA:516,2
DA:517,2
DA:518,2
DA:519,2
DA:520,2
DA:521,2
DA:522,2
DA:523,2
DA:524,2
DA:525,2
DA:526,2
DA:527,2
DA:528,2
DA:529,2
DA:530,2
DA:531,2
DA:532,2
DA:533,2
DA:534,2
DA:535,0
DA:536,0
DA:537,0
DA:538,0
DA:539,0
DA:540,0
DA:541,0
DA:542,0
DA:543,0
DA:544,0
DA:545,0
DA:546,2
DA:547,2
DA:548,31
DA:549,31
DA:550,31
DA:551,31
DA:552,1
DA:553,1
DA:554,1
DA:555,44
DA:556,44
DA:557,44
DA:558,44
DA:559,44
DA:560,44
DA:561,44
DA:562,44
DA:563,44
DA:564,9
DA:565,0
DA:566,0
DA:567,9
DA:568,9
DA:569,9
DA:570,9
DA:571,9
DA:572,9
DA:573,9
DA:574,9
DA:575,44
DA:576,44
DA:577,44
DA:578,44
DA:579,18
DA:580,18
DA:581,9
DA:582,9
DA:583,9
DA:584,9
DA:585,18
DA:586,18
DA:587,0
DA:588,0
DA:589,18
DA:590,18
DA:591,18
DA:592,44
DA:593,44
DA:594,44
DA:595,44
DA:596,26
DA:597,26
DA:598,18
DA:599,18
DA:600,18
DA:601,8
DA:602,8
DA:603,8
DA:604,8
DA:605,8
DA:606,8
DA:607,8
DA:608,8
DA:609,8
DA:610,26
DA:611,0
DA:612,0
DA:613,0
DA:614,0
DA:615,26
DA:616,26
DA:617,44
DA:618,44
DA:619,44
DA:620,1
DA:621,1
DA:622,1
DA:623,1
DA:624,44
DA:625,44
DA:626,0
DA:627,0
DA:628,0
DA:629,0
DA:630,0
DA:631,0
DA:632,0
DA:633,0
DA:634,0
DA:635,0
DA:636,0
DA:637,44
DA:638,44
DA:639,44
DA:640,18
DA:641,18
DA:642,26
DA:643,26
DA:644,26
DA:645,26
DA:646,26
DA:647,26
DA:648,0
DA:649,44
DA:650,44
DA:651,44
DA:652,20
DA:653,20
DA:654,20
DA:655,20
DA:656,44
DA:657,44
DA:658,2
DA:659,44
DA:660,44
DA:661,2
DA:662,44
DA:663,44
DA:664,2
DA:665,44
DA:666,44
DA:667,44
DA:668,0
DA:669,0
DA:670,0
DA:671,0
DA:672,44
DA:673,44
DA:674,26
DA:675,44
DA:676,44
DA:677,44
DA:678,44
DA:679,1
DA:680,1
DA:681,1
DA:682,0
DA:683,0
DA:684,0
DA:685,1
DA:686,1
LF:686
LH:272
BRDA:681,0,0,0
BRDA:17,1,0,17
BRDA:20,2,0,0
BRDA:25,3,0,0
BRDA:75,4,0,9
BRDA:411,5,0,31
BRDA:414,6,0,9
BRDA:476,7,0,2
BRDA:476,8,0,29
BRDA:478,9,0,29
BRDA:480,10,0,2
BRDA:481,11,0,0
BRDA:487,12,0,0
BRDA:489,13,0,0
BRDA:492,14,0,0
BRDA:509,15,0,0
BRDA:510,16,0,0
BRDA:532,17,0,0
BRDA:533,18,0,0
BRDA:534,19,0,0
BRDA:424,20,0,17
BRDA:424,21,0,9
BRDA:476,22,0,1
BRDA:476,23,0,1
BRDA:494,24,0,1
BRDA:499,25,0,2
BRDA:501,26,0,0
BRDA:500,27,0,1
BRDA:554,28,0,44
BRDA:592,29,0,26
BRDA:617,30,0,26
BRDA:639,31,0,18
BRDA:641,32,0,26
BRDA:647,33,0,0
BRDA:651,34,0,20
BRDA:657,35,0,2
BRDA:660,36,0,2
BRDA:663,37,0,2
BRDA:667,38,0,0
BRDA:667,39,0,0
BRDA:673,40,0,26
BRDA:563,41,0,9
BRDA:571,42,0,9
BRDA:578,43,0,18
BRDA:579,44,0,18
BRDA:580,45,0,9
BRDA:585,46,0,0
BRDA:586,47,0,0
BRDA:595,48,0,26
BRDA:596,49,0,26
BRDA:597,50,0,18
BRDA:600,51,0,8
BRDA:610,52,0,0
BRDA:603,53,0,8
BRDA:604,54,0,0
BRDA:619,55,0,1
BRDA:620,56,0,1
BRDA:640,57,0,9
BRF:58
BRH:38
end_of_record
TN:
SF:components/GetScoreMenu.tsx
FN:5,PDFPreview
FN:16,loadPreview
FN:101,GetScoreMenu
FN:107,handleGetScore
FN:127,onChange
FNF:5
FNH:4
FNDA:2,PDFPreview
FNDA:1,loadPreview
FNDA:4,GetScoreMenu
FNDA:1,handleGetScore
FNDA:0,onChange
DA:1,1
DA:2,1
DA:3,1
DA:4,1
DA:5,1
DA:6,2
DA:7,2
DA:8,2
DA:9,2
DA:10,2
DA:11,2
DA:12,2
DA:13,2
DA:14,2
DA:15,2
DA:16,1
DA:17,1
DA:18,1
DA:19,1
DA:20,1
DA:21,0
DA:22,0
DA:23,0
DA:24,0
DA:25,0
DA:26,0
DA:27,0
DA:28,0
DA:29,0
DA:30,0
DA:31,0
DA:32,0
DA:33,0
DA:34,1
DA:35,0
DA:36,0
DA:37,0
DA:38,0
DA:39,0
DA:40,0
DA:41,1
DA:42,0
DA:43,0
DA:44,0
DA:45,0
DA:46,0
DA:47,0
DA:48,0
DA:49,0
DA:50,0
DA:51,0
DA:52,1
DA:53,1
DA:54,1
DA:55,1
DA:56,1
DA:57,1
DA:58,1
DA:59,0
DA:60,0
DA:61,1
DA:62,2
DA:63,2
DA:64,2
DA:65,1
DA:66,1
DA:67,1
DA:68,1
DA:69,1
DA:70,1
DA:71,1
DA:72,1
DA:73,2
DA:74,0
DA:75,0
DA:76,0
DA:77,0
DA:78,0
DA:79,0
DA:80,0
DA:81,1
DA:82,1
DA:83,1
DA:84,1
DA:85,1
DA:86,1
DA:87,1
DA:88,1
DA:89,0
DA:90,0
DA:91,0
DA:92,0
DA:93,0
DA:94,0
DA:95,0
DA:96,0
DA:97,0
DA:98,0
DA:99,0
DA:100,1
DA:101,1
DA:102,4
DA:103,4
DA:104,4
DA:105,4
DA:106,4
DA:107,4
DA:108,1
DA:109,1
DA:110,1
DA:111,1
DA:112,1
DA:113,1
DA:114,1
DA:115,1
DA:116,1
DA:117,1
DA:118,1
DA:119,1
DA:120,0
DA:121,1
DA:122,1
DA:123,4
DA:124,4
DA:125,4
DA:126,4
DA:127,4
DA:128,4
DA:129,4
DA:130,4
DA:131,4
DA:132,4
DA:133,4
DA:134,4
DA:135,4
DA:136,4
DA:137,1
DA:138,1
DA:139,1
DA:140,1
DA:141,1
DA:142,1
DA:143,1
DA:144,1
DA:145,1
DA:146,1
DA:147,1
DA:148,1
DA:149,1
DA:150,1
DA:151,1
DA:152,1
DA:153,1
DA:154,1
DA:155,1
DA:156,1
DA:157,1
DA:158,1
DA:159,1
DA:160,1
DA:161,0
DA:162,0
DA:163,0
DA:164,0
DA:165,0
DA:166,0
DA:167,0
DA:168,0
DA:169,0
DA:170,0
DA:171,0
DA:172,0
DA:173,0
DA:174,0
DA:175,0
DA:176,0
DA:177,1
DA:178,1
DA:179,1
DA:180,4
DA:181,4
DA:182,4
DA:183,4
DA:184,1
DA:185,1
LF:185
LH:119
BRDA:5,0,0,2
BRDA:64,1,0,1
BRDA:73,2,0,0
BRDA:80,3,0,1
BRDA:88,4,0,0
BRDA:15,5,0,1
BRDA:16,6,0,1
BRDA:20,7,0,0
BRDA:34,8,0,0
BRDA:41,9,0,0
BRDA:57,10,0,1
BRDA:58,11,0,0
BRDA:101,12,0,4
BRDA:102,13,0,0
BRDA:133,14,0,2
BRDA:133,15,0,2
BRDA:133,16,0,2
BRDA:135,17,0,0
BRDA:136,18,0,1
BRDA:138,19,0,0
BRDA:160,20,0,0
BRDA:160,21,0,0
BRDA:106,22,0,1
BRDA:106,23,0,0
BRDA:107,24,0,1
BRDA:117,25,0,0
BRDA:119,26,0,0
BRDA:128,27,0,4
BRDA:130,28,0,0
BRDA:129,29,0,1
BRDA:148,30,0,1
BRDA:150,31,0,2
BRF:32
BRH:17
end_of_record
TN:
SF:components/InnovationList.tsx
FN:1,(empty-report)
FNF:1
FNH:0
FNDA:0,(empty-report)
DA:1,0
DA:2,0
DA:3,0
DA:4,0
DA:5,0
DA:6,0
DA:7,0
DA:8,0
DA:9,0
DA:10,0
DA:11,0
DA:12,0
DA:13,0
DA:14,0
DA:15,0
DA:16,0
DA:17,0
DA:18,0
DA:19,0
DA:20,0
DA:21,0
DA:22,0
DA:23,0
DA:24,0
DA:25,0
DA:26,0
DA:27,0
DA:28,0
DA:29,0
DA:30,0
DA:31,0
DA:32,0
DA:33,0
DA:34,0
DA:35,0
DA:36,0
DA:37,0
DA:38,0
DA:39,0
DA:40,0
DA:41,0
DA:42,0
DA:43,0
DA:44,0
DA:45,0
DA:46,0
DA:47,0
DA:48,0
DA:49,0
DA:50,0
DA:51,0
DA:52,0
DA:53,0
DA:54,0
DA:55,0
DA:56,0
DA:57,0
DA:58,0
DA:59,0
DA:60,0
DA:61,0
DA:62,0
DA:63,0
DA:64,0
DA:65,0
DA:66,0
DA:67,0
DA:68,0
DA:69,0
LF:69
LH:0
BRDA:1,0,0,0
BRF:1
BRH:0
end_of_record
TN:
SF:components/InnovationRankMenu.tsx
FN:15,formatDate
FN:20,InnovationRankMenu
FNF:2
FNH:1
FNDA:0,formatDate
FNDA:3,InnovationRankMenu
DA:1,1
DA:2,1
DA:3,1
DA:4,1
DA:5,1
DA:6,1
DA:7,1
DA:8,1
DA:9,1
DA:10,1
DA:11,1
DA:12,1
DA:13,1
DA:14,1
DA:15,1
DA:16,0
DA:17,0
DA:18,0
DA:19,1
DA:20,1
DA:21,3
DA:22,3
DA:23,3
DA:24,3
DA:25,3
DA:26,1
DA:27,1
DA:28,1
DA:29,1
DA:30,1
DA:31,1
DA:32,1
DA:33,1
DA:34,1
DA:35,1
DA:36,3
DA:37,3
DA:38,3
DA:39,3
DA:40,3
DA:41,3
DA:42,3
DA:43,3
DA:44,3
DA:45,3
DA:46,3
DA:47,0
DA:48,0
DA:49,0
DA:50,0
DA:51,0
DA:52,0
DA:53,0
DA:54,0
DA:55,0
DA:56,0
DA:57,0
DA:58,0
DA:59,0
DA:60,0
DA:61,0
DA:62,0
DA:63,0
DA:64,0
DA:65,0
DA:66,0
DA:67,0
DA:68,0
DA:69,0
DA:70,0
DA:71,0
DA:72,0
DA:73,0
DA:74,0
DA:75,0
DA:76,0
DA:77,0
DA:78,0
DA:79,3
DA:80,3
DA:81,3
DA:82,3
DA:83,3
DA:84,1
DA:85,1
LF:85
LH:50
BRDA:20,0,0,3
BRDA:44,1,0,1
BRDA:45,2,0,0
BRDA:46,3,0,0
BRDA:80,4,0,2
BRDA:25,5,0,1
BRDA:29,6,0,1
BRDA:30,7,0,0
BRDA:33,8,0,1
BRDA:35,9,0,1
BRF:10
BRH:7
end_of_record
TN:
SF:components/InnovationSearchMenu.tsx
FN:22,InnovationSearchMenu
FN:28,handleSearch
FN:66,formatText
FN:90,onChange
FNF:4
FNH:3
FNDA:51,InnovationSearchMenu
FNDA:2,handleSearch
FNDA:0,formatText
FNDA:42,onChange
DA:1,1
DA:2,1
DA:3,1
DA:4,1
DA:5,1
DA:6,1
DA:7,1
DA:8,1
DA:9,1
DA:10,1
DA:11,1
DA:12,1
DA:13,1
DA:14,1
DA:15,1
DA:16,1
DA:17,1
DA:18,1
DA:19,1
DA:20,1
DA:21,1
DA:22,1
DA:23,51
DA:24,51
DA:25,51
DA:26,51
DA:27,51
DA:28,51
DA:29,2
DA:30,2
DA:31,0
DA:32,0
DA:33,0
DA:34,2
DA:35,2
DA:36,2
DA:37,2
DA:38,2
DA:39,2
DA:40,2
DA:41,2
DA:42,2
DA:43,2
DA:44,2
DA:45,2
DA:46,2
DA:47,2
DA:48,2
DA:49,2
DA:50,2
DA:51,2
DA:52,0
DA:53,0
DA:54,0
DA:55,0
DA:56,0
DA:57,0
DA:58,0
DA:59,2
DA:60,1
DA:61,1
DA:62,1
DA:63,1
DA:64,2
DA:65,51
DA:66,51
DA:67,0
DA:68,0
DA:69,0
DA:70,0
DA:71,0
DA:72,0
DA:73,0
DA:74,0
DA:75,51
DA:76,51
DA:77,51
DA:78,51
DA:79,51
DA:80,51
DA:81,51
DA:82,51
DA:83,51
DA:84,51
DA:85,51
DA:86,51
DA:87,51
DA:88,51
DA:89,51
DA:90,51
DA:91,51
DA:92,51
DA:93,51
DA:94,51
DA:95,51
DA:96,51
DA:97,51
DA:98,51
DA:99,51
DA:100,51
DA:101,51
DA:102,51
DA:103,51
DA:104,0
DA:105,0
DA:106,0
DA:107,0
DA:108,0
DA:109,0
DA:110,0
DA:111,0
DA:112,0
DA:113,0
DA:114,0
DA:115,0
DA:116,0
DA:117,0
DA:118,0
DA:119,0
DA:120,0
DA:121,0
DA:122,0
DA:123,0
DA:124,0
DA:125,0
DA:126,0
DA:127,0
DA:128,0
DA:129,0
DA:130,0
DA:131,0
DA:132,0
DA:133,0
DA:134,0
DA:135,0
DA:136,0
DA:137,0
DA:138,0
DA:139,0
DA:140,0
DA:141,0
DA:142,0
DA:143,0
DA:144,0
DA:145,0
DA:146,0
DA:147,0
DA:148,0
DA:149,0
DA:150,0
DA:151,0
DA:152,0
DA:153,0
DA:154,0
DA:155,0
DA:156,0
DA:157,0
DA:158,0
DA:159,0
DA:160,0
DA:161,0
DA:162,0
DA:163,0
DA:164,0
DA:165,0
DA:166,0
DA:167,0
DA:168,0
DA:169,0
DA:170,0
DA:171,0
DA:172,0
DA:173,0
DA:174,0
DA:175,0
DA:176,0
DA:177,0
DA:178,0
DA:179,0
DA:180,0
DA:181,0
DA:182,0
DA:183,0
DA:184,0
DA:185,0
DA:186,0
DA:187,0
DA:188,0
DA:189,0
DA:190,0
DA:191,0
DA:192,0
DA:193,0
DA:194,0
DA:195,0
DA:196,0
DA:197,0
DA:198,0
DA:199,0
DA:200,0
DA:201,0
DA:202,0
DA:203,0
DA:204,0
DA:205,0
DA:206,0
DA:207,0
DA:208,0
DA:209,0
DA:210,0
DA:211,0
DA:212,0
DA:213,0
DA:214,0
DA:215,0
DA:216,0
DA:217,0
DA:218,0
DA:219,0
DA:220,0
DA:221,0
DA:222,0
DA:223,0
DA:224,0
DA:225,0
DA:226,0
DA:227,0
DA:228,0
DA:229,0
DA:230,0
DA:231,0
DA:232,0
DA:233,0
DA:234,0
DA:235,0
DA:236,0
DA:237,51
DA:238,51
DA:239,51
DA:240,51
DA:241,1
DA:242,1
LF:242
LH:91
BRDA:22,0,0,51
BRDA:96,1,0,49
BRDA:97,2,0,2
BRDA:97,3,0,49
BRDA:101,4,0,1
BRDA:103,5,0,0
BRDA:28,6,0,2
BRDA:30,7,0,0
BRDA:51,8,0,0
BRDA:59,9,0,1
BRDA:60,10,0,0
BRDA:90,11,0,42
BRF:12
BRH:8
end_of_record
TN:
SF:components/InnovationUploader.tsx
FN:7,InnovationUploader
FN:15,handleFileChange
FN:21,handleSubmit
FN:89,onChange
FNF:4
FNH:4
FNDA:43,InnovationUploader
FNDA:3,handleFileChange
FNDA:2,handleSubmit
FNDA:17,onChange
DA:1,1
DA:2,1
DA:3,1
DA:4,1
DA:5,1
DA:6,1
DA:7,1
DA:8,43
DA:9,43
DA:10,43
DA:11,43
DA:12,43
DA:13,43
DA:14,43
DA:15,43
DA:16,3
DA:17,3
DA:18,3
DA:19,3
DA:20,43
DA:21,43
DA:22,2
DA:23,2
DA:24,0
DA:25,0
DA:26,0
DA:27,2
DA:28,2
DA:29,2
DA:30,2
DA:31,2
DA:32,2
DA:33,2
DA:34,2
DA:35,2
DA:36,2
DA:37,2
DA:38,2
DA:39,2
DA:40,2
DA:41,2
DA:42,2
DA:43,2
DA:44,2
DA:45,2
DA:46,2
DA:47,2
DA:48,2
DA:49,1
DA:50,1
DA:51,1
DA:52,1
DA:53,1
DA:54,1
DA:55,1
DA:56,1
DA:57,1
DA:58,1
DA:59,1
DA:60,1
DA:61,1
DA:62,1
DA:63,1
DA:64,1
DA:65,1
DA:66,1
DA:67,1
DA:68,1
DA:69,1
DA:70,1
DA:71,1
DA:72,1
DA:73,1
DA:74,2
DA:75,2
DA:76,2
DA:77,2
DA:78,43
DA:79,43
DA:80,43
DA:81,43
DA:82,43
DA:83,43
DA:84,43
DA:85,43
DA:86,43
DA:87,43
DA:88,43
DA:89,43
DA:90,43
DA:91,43
DA:92,43
DA:93,43
DA:94,43
DA:95,43
DA:96,43
DA:97,43
DA:98,43
DA:99,43
DA:100,43
DA:101,43
DA:102,43
DA:103,43
DA:104,43
DA:105,43
DA:106,43
DA:107,43
DA:108,43
DA:109,43
DA:110,43
DA:111,43
DA:112,43
DA:113,2
DA:114,2
DA:115,2
DA:116,2
DA:117,2
DA:118,2
DA:119,43
DA:120,43
DA:121,43
DA:122,43
DA:123,43
DA:124,1
DA:125,1
DA:126,1
DA:127,1
DA:128,1
DA:129,1
DA:130,1
DA:131,1
DA:132,1
DA:133,1
DA:134,1
DA:135,1
DA:136,1
DA:137,1
DA:138,1
DA:139,1
DA:140,1
DA:141,1
DA:142,1
DA:143,1
DA:144,1
DA:145,1
DA:146,1
DA:147,1
DA:148,1
DA:149,1
DA:150,1
DA:151,1
DA:152,1
DA:153,1
DA:154,1
DA:155,1
DA:156,1
DA:157,1
DA:158,1
DA:159,1
DA:160,1
DA:161,1
DA:162,1
DA:163,1
DA:164,1
DA:165,1
DA:166,1
DA:167,1
DA:168,1
DA:169,1
DA:170,1
DA:171,1
DA:172,1
DA:173,1
DA:174,1
DA:175,1
DA:176,1
DA:177,1
DA:178,1
DA:179,1
DA:180,1
DA:181,1
DA:182,1
DA:183,1
DA:184,1
DA:185,1
DA:186,1
DA:187,1
DA:188,1
DA:189,1
DA:190,43
DA:191,43
DA:192,43
DA:193,43
DA:194,43
DA:195,1
DA:196,1
LF:196
LH:193
BRDA:7,0,0,43
BRDA:107,1,0,23
BRDA:107,2,0,6
BRDA:109,3,0,2
BRDA:109,4,0,41
BRDA:112,5,0,2
BRDA:121,6,0,1
BRDA:123,7,0,1
BRDA:15,8,0,3
BRDA:21,9,0,2
BRDA:23,10,0,0
BRDA:48,11,0,1
BRDA:50,12,0,0
BRDA:50,13,0,0
BRDA:73,14,0,0
BRDA:89,15,0,17
BRF:16
BRH:12
end_of_record
TN:
SF:components/LoginPage.tsx
FN:8,LoginPage
FN:18,handleSubmit
FN:39,handleRegister
FN:76,onChange
FN:87,onChange
FN:95,onClick
FN:103,onClick
FNF:7
FNH:4
FNDA:45,LoginPage
FNDA:9,handleSubmit
FNDA:0,handleRegister
FNDA:9,onChange
FNDA:9,onChange
FNDA:0,onClick
FNDA:0,onClick
DA:1,1
DA:2,1
DA:3,1
DA:4,1
DA:5,1
DA:6,1
DA:7,1
DA:8,1
DA:9,45
DA:10,45
DA:11,45
DA:12,45
DA:13,45
DA:14,45
DA:15,45
DA:16,45
DA:17,45
DA:18,45
DA:19,9
DA:20,9
DA:21,0
DA:22,0
DA:23,0
DA:24,9
DA:25,9
DA:26,9
DA:27,9
DA:28,9
DA:29,9
DA:30,9
DA:31,9
DA:32,9
DA:33,9
DA:34,9
DA:35,0
DA:36,0
DA:37,9
DA:38,45
DA:39,45
DA:40,0
DA:41,0
DA:42,0
DA:43,0
DA:44,0
DA:45,0
DA:46,0
DA:47,0
DA:48,0
DA:49,0
DA:50,0
DA:51,0
DA:52,0
DA:53,0
DA:54,0
DA:55,0
DA:56,0
DA:57,0
DA:58,0
DA:59,0
DA:60,0
DA:61,0
DA:62,0
DA:63,0
DA:64,0
DA:65,45
DA:66,45
DA:67,45
DA:68,45
DA:69,45
DA:70,45
DA:71,45
DA:72,45
DA:73,45
DA:74,45
DA:75,45
DA:76,45
DA:77,45
DA:78,45
DA:79,45
DA:80,45
DA:81,45
DA:82,45
DA:83,45
DA:84,45
DA:85,45
DA:86,45
DA:87,45
DA:88,45
DA:89,45
DA:90,45
DA:91,45
DA:92,45
DA:93,45
DA:94,45
DA:95,45
DA:96,45
DA:97,45
DA:98,45
DA:99,45
DA:100,45
DA:101,0
DA:102,0
DA:103,0
DA:104,0
DA:105,0
DA:106,0
DA:107,0
DA:108,0
DA:109,0
DA:110,0
DA:111,0
DA:112,0
DA:113,0
DA:114,0
DA:115,0
DA:116,0
DA:117,0
DA:118,0
DA:119,0
DA:120,0
DA:121,0
DA:122,45
DA:123,45
DA:124,45
DA:125,45
DA:126,1
DA:127,1
LF:127
LH:76
BRDA:8,0,0,45
BRDA:98,1,0,0
BRDA:100,2,0,0
BRDA:18,3,0,9
BRDA:20,4,0,0
BRDA:32,5,0,0
BRDA:34,6,0,0
BRDA:76,7,0,9
BRDA:87,8,0,9
BRF:9
BRH:4
end_of_record
TN:
SF:components/SidebarMenu.tsx
FN:15,SidebarMenu
FN:20,onClick
FN:29,onClick
FNF:3
FNH:3
FNDA:25,SidebarMenu
FNDA:2,onClick
FNDA:5,onClick
DA:1,1
DA:2,1
DA:3,1
DA:4,1
DA:5,1
DA:6,1
DA:7,1
DA:8,1
DA:9,1
DA:10,1
DA:11,1
DA:12,1
DA:13,1
DA:14,1
DA:15,1
DA:16,25
DA:17,25
DA:18,25
DA:19,25
DA:20,25
DA:21,25
DA:22,25
DA:23,25
DA:24,25
DA:25,25
DA:26,100
DA:27,100
DA:28,100
DA:29,100
DA:30,100
DA:31,100
DA:32,100
DA:33,100
DA:34,100
DA:35,100
DA:36,25
DA:37,25
DA:38,25
DA:39,25
DA:40,25
DA:41,25
DA:42,25
DA:43,25
DA:44,25
DA:45,25
DA:46,25
DA:47,25
DA:48,25
DA:49,25
DA:50,25
DA:51,25
DA:52,25
DA:53,1
DA:54,1
LF:54
LH:54
BRDA:15,0,0,25
BRDA:18,1,0,1
BRDA:18,2,0,24
BRDA:21,3,0,1
BRDA:21,4,0,24
BRDA:45,5,0,24
BRDA:20,6,0,2
BRDA:20,7,0,2
BRDA:25,8,0,100
BRDA:28,9,0,25
BRDA:28,10,0,75
BRDA:33,11,0,96
BRDA:29,12,0,5
BRF:13
BRH:13
end_of_record
TN:
SF:components/Spinner.tsx
FN:2,Spinner
FNF:1
FNH:0
FNDA:0,Spinner
DA:1,1
DA:2,1
DA:3,1
LF:3
LH:3
BRF:0
BRH:0
end_of_record
TN:
SF:components/UserProfileModal.tsx
FN:4,UserProfileModal
FNF:1
FNH:0
FNDA:0,UserProfileModal
DA:1,1
DA:2,1
DA:3,1
DA:4,1
DA:5,0
DA:6,0
DA:7,0
DA:8,0
DA:9,0
DA:10,0
DA:11,0
DA:12,0
DA:13,0
DA:14,0
DA:15,1
DA:16,1
DA:17,1
LF:17
LH:7
BRF:0
BRH:0
end_of_record
